c:\users\seeun\onedrive\바탕 화면\플밍2\hobbyhive\c_project\c_function\x64\debug\vc143.pdb
c:\users\seeun\onedrive\바탕 화면\플밍2\hobbyhive\c_project\c_function\x64\debug\vc143.idb
c:\users\seeun\onedrive\바탕 화면\플밍2\hobbyhive\c_project\c_function\x64\debug\user.obj
c:\users\seeun\onedrive\바탕 화면\플밍2\hobbyhive\c_project\c_function\x64\debug\signup_request.obj
c:\users\seeun\onedrive\바탕 화면\플밍2\hobbyhive\c_project\c_function\x64\debug\signup_reject.obj
c:\users\seeun\onedrive\바탕 화면\플밍2\hobbyhive\c_project\c_function\x64\debug\signup_accept.obj
c:\users\seeun\onedrive\바탕 화면\플밍2\hobbyhive\c_project\c_function\x64\debug\login.obj
c:\users\seeun\onedrive\바탕 화면\플밍2\hobbyhive\c_project\c_function\x64\debug\duplicate_check.obj
c:\users\seeun\onedrive\바탕 화면\플밍2\hobbyhive\c_project\c_function\x64\debug\delete_user.obj
c:\users\seeun\onedrive\바탕 화면\플밍2\hobbyhive\c_project\c_function\x64\debug\change_password.obj
c:\users\seeun\onedrive\바탕 화면\플밍2\hobbyhive\c_project\c_function\x64\debug\change_id.obj
c:\users\seeun\onedrive\바탕 화면\플밍2\hobbyhive\c_project\c_function\x64\debug\c_function.lib
c:\users\seeun\onedrive\바탕 화면\플밍2\hobbyhive\c_project\c_function\x64\debug\c_function.exp
c:\users\seeun\onedrive\바탕 화면\플밍2\hobbyhive\c_project\c_function\x64\debug\c_function.dll
c:\users\seeun\onedrive\바탕 화면\플밍2\hobbyhive\c_project\c_function\x64\debug\c_function.ilk
c:\users\seeun\onedrive\바탕 화면\플밍2\hobbyhive\c_project\c_function\x64\debug\c_function.pdb
c:\users\seeun\onedrive\바탕 화면\플밍2\hobbyhive\c_project\c_function\x64\debug\c_function.tlog\cl.command.1.tlog
c:\users\seeun\onedrive\바탕 화면\플밍2\hobbyhive\c_project\c_function\x64\debug\c_function.tlog\cl.items.tlog
c:\users\seeun\onedrive\바탕 화면\플밍2\hobbyhive\c_project\c_function\x64\debug\c_function.tlog\cl.read.1.tlog
c:\users\seeun\onedrive\바탕 화면\플밍2\hobbyhive\c_project\c_function\x64\debug\c_function.tlog\cl.write.1.tlog
c:\users\seeun\onedrive\바탕 화면\플밍2\hobbyhive\c_project\c_function\x64\debug\c_function.tlog\link.command.1.tlog
c:\users\seeun\onedrive\바탕 화면\플밍2\hobbyhive\c_project\c_function\x64\debug\c_function.tlog\link.read.1.tlog
c:\users\seeun\onedrive\바탕 화면\플밍2\hobbyhive\c_project\c_function\x64\debug\c_function.tlog\link.write.1.tlog
c:\users\seeun\onedrive\바탕 화면\플밍2\hobbyhive\c_project\c_function\x64\debug\c_function.tlog\link.write.2u.tlog
